2025-11-11 13:19:00, MOVE, v:1, k:poo@array, mode:PICK
2025-11-11 13:19:17, MOVE, v:1, k:poo@array, mode:BACK
2025-11-11 13:20:08, MOVE, v:1, k:poo@budega, mode:PICK
2025-11-11 13:36:45, EXEC, v:1, k:poo@budega, mode:FULL, rate:0, size:19
2025-11-11 13:37:17, EXEC, v:1, k:poo@budega, mode:FREE
2025-11-11 13:44:25, EXEC, v:1, k:poo@budega, mode:FULL, rate:0, size:36
2025-11-11 13:45:26, EXEC, v:1, k:poo@budega, mode:FULL, rate:0, size:37
2025-11-11 13:45:56, EXEC, v:1, k:poo@budega, mode:FULL, rate:0, size:37
2025-11-11 13:46:39, EXEC, v:1, k:poo@budega, mode:FULL, rate:0, size:37
2025-11-11 13:47:13, EXEC, v:1, k:poo@budega, mode:FULL, rate:0, size:37
2025-11-11 13:47:26, EXEC, v:1, k:poo@budega, mode:FREE
2025-11-11 13:48:57, EXEC, v:1, k:poo@budega, mode:FULL, rate:0, size:37
2025-11-11 13:49:17, EXEC, v:1, k:poo@budega, mode:FULL, rate:0, size:37
2025-11-11 13:49:26, EXEC, v:1, k:poo@budega, mode:FULL, rate:10, size:37
2025-11-11 13:55:22, EXEC, v:1, k:poo@budega, mode:FULL, rate:10, size:45
2025-11-11 13:57:13, EXEC, v:1, k:poo@budega, mode:FULL, rate:10, size:48
2025-11-11 14:12:47, EXEC, v:1, k:poo@budega, mode:FULL, rate:10, size:47
2025-11-11 14:14:42, EXEC, v:1, k:poo@budega, mode:FULL, rate:10, size:47
2025-11-11 14:16:13, EXEC, v:1, k:poo@budega, mode:FREE
2025-11-11 14:21:42, EXEC, v:1, k:poo@budega, mode:FULL, rate:10, size:48
2025-11-11 14:23:06, EXEC, v:1, k:poo@budega, mode:FULL, rate:10, size:47
2025-11-11 14:31:23, MOVE, v:1, k:poo@budega, mode:BACK
2025-11-11 14:32:26, MOVE, v:1, k:poo@budega, mode:PICK
2025-11-11 14:32:29, EXEC, v:1, k:poo@budega, mode:FULL, rate:10, size:48
2025-11-11 14:34:47, EXEC, v:1, k:poo@budega, mode:FULL, rate:10, size:48
2025-11-11 14:36:00, EXEC, v:1, k:poo@budega, mode:FULL, rate:10, size:48
2025-11-11 14:36:24, MOVE, v:1, k:poo@budega, mode:BACK
2025-11-11 14:36:43, MOVE, v:1, k:poo@budega, mode:PICK
2025-11-11 14:36:43, EXEC, v:1, k:poo@budega, mode:FULL, rate:10
2025-11-11 14:37:27, MOVE, v:1, k:poo@budega, mode:BACK
2025-11-11 14:37:27, MOVE, v:1, k:poo@budega, mode:PICK
2025-11-11 14:37:28, MOVE, v:1, k:poo@budega, mode:BACK
2025-11-11 14:37:35, MOVE, v:1, k:poo@budega, mode:PICK
2025-11-11 14:37:36, EXEC, v:1, k:poo@budega, mode:FREE
2025-11-11 14:44:10, EXEC, v:1, k:poo@budega, mode:FULL, rate:0, size:49
2025-11-11 14:46:28, EXEC, v:1, k:poo@budega, mode:FULL, rate:10, size:47
2025-11-11 14:46:51, EXEC, v:1, k:poo@budega, mode:FULL, rate:30, size:47
2025-11-11 14:50:04, EXEC, v:1, k:poo@budega, mode:FULL, rate:30, size:50
2025-11-11 17:28:03, MOVE, v:1, k:poo@budega, mode:PICK
2025-11-11 17:28:12, EXEC, v:1, k:poo@budega, mode:FULL, rate:30, size:54
2025-11-11 17:38:25, EXEC, v:1, k:poo@budega, mode:FULL, rate:70, size:58
2025-11-11 17:44:45, EXEC, v:1, k:poo@budega, mode:FULL, rate:70, size:67
2025-11-11 17:47:29, EXEC, v:1, k:poo@budega, mode:FULL, rate:70, size:69
2025-11-11 17:47:41, EXEC, v:1, k:poo@budega, mode:FULL, rate:70, size:69
2025-11-11 17:51:10, EXEC, v:1, k:poo@budega, mode:FULL, rate:100, size:72
2025-11-11 17:51:21, MOVE, v:1, k:poo@budega, mode:BACK
