2025-11-18 01:02:55, MOVE, v:1, k:poo@pula-pula, mode:PICK
2025-11-18 01:07:21, EXEC, v:1, k:poo@pula-pula, mode:FULL, rate:0, size:6
2025-11-18 01:13:15, MOVE, v:1, k:poo@pula-pula, mode:BACK
2025-11-18 01:13:20, MOVE, v:1, k:poo@lapiseira, mode:PICK
2025-11-18 01:22:20, EXEC, v:1, k:poo@lapiseira, mode:FULL, rate:100
2025-11-18 01:22:33, MOVE, v:1, k:poo@lapiseira, mode:BACK
2025-11-18 01:22:40, MOVE, v:1, k:poo@pula-pula, mode:PICK
2025-11-18 01:22:42, MOVE, v:1, k:poo@pula-pula, mode:BACK
2025-11-18 01:22:44, MOVE, v:1, k:poo@pula-pula, mode:PICK
2025-11-18 01:22:47, EXEC, v:1, k:poo@pula-pula, mode:FULL, rate:0, size:43
2025-11-18 01:22:55, EXEC, v:1, k:poo@pula-pula, mode:FULL, rate:0, size:43
2025-11-18 01:26:43, EXEC, v:1, k:poo@pula-pula, mode:FULL, rate:0, size:48
2025-11-18 01:26:59, EXEC, v:1, k:poo@pula-pula, mode:FULL, rate:0, size:48
2025-11-18 01:32:30, EXEC, v:1, k:poo@pula-pula, mode:FULL, rate:0, size:52
2025-11-18 01:33:00, EXEC, v:1, k:poo@pula-pula, mode:FULL, rate:0, size:52
2025-11-18 01:34:45, EXEC, v:1, k:poo@pula-pula, mode:FULL, rate:20, size:54
2025-11-18 01:39:27, EXEC, v:1, k:poo@pula-pula, mode:FULL, rate:10, size:61
2025-11-18 01:41:26, EXEC, v:1, k:poo@pula-pula, mode:FULL, rate:10, size:61
2025-11-18 01:47:12, EXEC, v:1, k:poo@pula-pula, mode:FULL, rate:20, size:61
2025-11-18 01:56:32, EXEC, v:1, k:poo@pula-pula, mode:FULL, rate:20, size:67
2025-11-18 01:58:48, MOVE, v:1, k:poo@pula-pula, mode:BACK
2025-11-18 13:10:36, MOVE, v:1, k:poo@pula-pula, mode:PICK
2025-11-18 13:11:41, EXEC, v:1, k:poo@pula-pula, mode:FULL, rate:20, size:67
2025-11-18 13:15:59, EXEC, v:1, k:poo@pula-pula, mode:FULL, rate:10, size:62
2025-11-18 13:16:32, EXEC, v:1, k:poo@pula-pula, mode:FULL, rate:20, size:67
